"../../../Engine/Content/EditorBlueprintResources/StandardMacros.uasset" 0
"D:/UnrealProjects/TabletProject/Content/Blueprints/BP_SaveValues.uasset" 1
"D:/UnrealProjects/TabletProject/Content/Blueprints/Pickups/E_Pickups.uasset" 2
"D:/UnrealProjects/TabletProject/Content/Blueprints/Pickups/E_Upgrades.uasset" 3
"D:/UnrealProjects/TabletProject/Content/Blueprints/HelperLibraries/BPI_Interact.uasset" 4
"../../../Engine/Content/EngineMeshes/Humanoid.uasset" 5
"D:/UnrealProjects/TabletProject/Content/Assets/PlayerCharacter_Skeleton.uasset" 6
"D:/UnrealProjects/TabletProject/Content/Animation/A_Nub_Jump.uasset" 7
"D:/UnrealProjects/TabletProject/Content/Animation/A_NubJump_End.uasset" 8
"D:/UnrealProjects/TabletProject/Content/Animation/A_NubJump_Loop.uasset" 9
"D:/UnrealProjects/TabletProject/Content/Animation/A_NubJump_Start.uasset" 10
"D:/UnrealProjects/TabletProject/Content/Animation/A_NubIdle.uasset" 11
"D:/UnrealProjects/TabletProject/Content/Animation/A_NubRun.uasset" 12
"D:/UnrealProjects/TabletProject/Content/Animation/A_NubWalk.uasset" 13
"D:/UnrealProjects/TabletProject/Content/Animation/A_Nub_IdleRun_2D.uasset" 14
"D:/UnrealProjects/TabletProject/Content/Animation/AB_NubCharacter.uasset" 15
"D:/UnrealProjects/TabletProject/Content/Blueprints/HelperLibraries/HelperMacros.uasset" 16
"../../../Engine/Content/EngineResources/AICON-Red.uasset" 17
"../../../Engine/Content/Tutorial/Mobile/TutorialAssets/android_Icon.uasset" 18
"D:/UnrealProjects/TabletProject/Content/Materials/M_bottleGlass.uasset" 19
"D:/UnrealProjects/TabletProject/Content/Materials/M_bottleLabel.uasset" 20
"D:/UnrealProjects/TabletProject/Content/Assets/Meshes/beerBottle.uasset" 21
"D:/UnrealProjects/TabletProject/Content/Materials/M_bananaAndLabel.uasset" 22
"D:/UnrealProjects/TabletProject/Content/Materials/M_bottleLabelDark.uasset" 23
"D:/UnrealProjects/TabletProject/Content/Materials/M_yellow.uasset" 24
"D:/UnrealProjects/TabletProject/Content/Assets/Meshes/colaBottle.uasset" 25
"D:/UnrealProjects/TabletProject/Content/Assets/Meshes/hazardMeshes/Banana.uasset" 26
"D:/UnrealProjects/TabletProject/Content/Blueprints/Pickups/S_PickupInfo.uasset" 27
"D:/UnrealProjects/TabletProject/Content/Textures/Inventory_icons/box.uasset" 28
"D:/UnrealProjects/TabletProject/Content/Textures/Inventory_icons/popBottle.uasset" 29
"D:/UnrealProjects/TabletProject/Content/Blueprints/Pickups/DT_Recyclables.uasset" 30
"../../../Engine/Content/EditorResources/Ai_Spawnpoint.uasset" 31
"D:/UnrealProjects/TabletProject/Content/Blueprints/UI/Items/W_PickupIcon.uasset" 32
"D:/UnrealProjects/TabletProject/Content/Blueprints/Pickups/BP_Pickup.uasset" 33
"D:/UnrealProjects/TabletProject/Content/Blueprints/Pickups/S_Recipes.uasset" 34
"D:/UnrealProjects/TabletProject/Content/Blueprints/Upgrades/BP_BaseUpgrade.uasset" 35
"../../../Engine/Content/EngineResources/AICON-Green.uasset" 36
"D:/UnrealProjects/TabletProject/Content/Materials/M_testDball.uasset" 37
"../../../Engine/Content/Functions/Engine_MaterialFunctions01/Opacity/CameraDepthFade.uasset" 38
"../../../Engine/Content/EngineMaterials/T_Default_Material_Grid_M.uasset" 39
"../../../Engine/Content/EngineMaterials/T_Default_Material_Grid_N.uasset" 40
"../../../Engine/Content/EngineMaterials/WorldGridMaterial.uasset" 41
"../../../Engine/Content/BasicShapes/Cube1.uasset" 42
"../../../Engine/Content/Tutorial/SubEditors/TutorialAssets/T_SmokeSubUV_8X8.uasset" 43
"../../../Engine/Content/Tutorial/SubEditors/TutorialAssets/T_soft_smoke.uasset" 44
"../../../Engine/Content/Tutorial/SubEditors/TutorialAssets/M_smoke_subUV_blackbody.uasset" 45
"../../../Engine/Content/Tutorial/SubEditors/TutorialAssets/TutorialParticleSystem.uasset" 46
"D:/UnrealProjects/TabletProject/Content/Blueprints/UI/W_UsageBar.uasset" 47
"D:/UnrealProjects/TabletProject/Content/Blueprints/Upgrades/Glider.uasset" 48
"../../../Engine/Content/Functions/Engine_MaterialFunctions02/Utility/BreakOutFloat3Components.uasset" 49
"../../../Engine/Content/VREditor/Devices/Vive/T_VivePreController_EM.uasset" 50
"../../../Engine/Content/VREditor/Devices/Vive/VivePreController_MasksA.uasset" 51
"../../../Engine/Content/VREditor/Devices/Vive/VivePreController_MasksB.uasset" 52
"../../../Engine/Content/VREditor/Devices/Vive/VivePreControllerDiffuse.uasset" 53
"../../../Engine/Content/VREditor/Devices/Vive/VivePreControllerSpec.uasset" 54
"../../../Engine/Content/VREditor/LaserPointer/VR_LaserPower_01.uasset" 55
"../../../Engine/Content/VREditor/Devices/Vive/VivePreControllerMaterial.uasset" 56
"D:/UnrealProjects/TabletProject/Content/Blueprints/Upgrades/Jetpack.uasset" 57
"D:/UnrealProjects/TabletProject/Content/Textures/Ability_icons/ArmorFinished.uasset" 58
"D:/UnrealProjects/TabletProject/Content/Textures/Ability_icons/GliderFinished.uasset" 59
"D:/UnrealProjects/TabletProject/Content/Textures/Ability_icons/jetpackFinished.uasset" 60
"D:/UnrealProjects/TabletProject/Content/Textures/Ui_elements/19_JetpackToggle.uasset" 61
"D:/UnrealProjects/TabletProject/Content/Textures/Ui_elements/20_GliderToggle.uasset" 62
"D:/UnrealProjects/TabletProject/Content/Textures/Ui_elements/21_ArmorToggle.uasset" 63
"D:/UnrealProjects/TabletProject/Content/Textures/Ui_elements/5_jetpackButton.uasset" 64
"D:/UnrealProjects/TabletProject/Content/Textures/Ui_elements/6_GliderButton.uasset" 65
"D:/UnrealProjects/TabletProject/Content/Textures/Ui_elements/7_ArmorButton.uasset" 66
"D:/UnrealProjects/TabletProject/Content/Blueprints/Pickups/DT_Upgrades.uasset" 67
"D:/UnrealProjects/TabletProject/Content/Blueprints/Player/Inventory.uasset" 68
"D:/UnrealProjects/TabletProject/Content/Materials/M_BodyBlue.uasset" 69
"D:/UnrealProjects/TabletProject/Content/Materials/M_Eye.uasset" 70
"D:/UnrealProjects/TabletProject/Content/Materials/M_Nose.uasset" 71
"D:/UnrealProjects/TabletProject/Content/Materials/M_shirtRed.uasset" 72
"D:/UnrealProjects/TabletProject/Content/Assets/PlayerCharacter_PhysicsAsset.uasset" 73
"D:/UnrealProjects/TabletProject/Content/Assets/PlayerCharacter.uasset" 74
"D:/UnrealProjects/TabletProject/Content/Blueprints/Player/BP_TopDownCharacter.uasset" 75
"D:/UnrealProjects/TabletProject/Content/Fonts/FredokaOne-Regular.uasset" 76
"D:/UnrealProjects/TabletProject/Content/Fonts/FredokaOne-Regular_Font.uasset" 77
"D:/UnrealProjects/TabletProject/Content/Blueprints/UI/Items/DragDrop.uasset" 78
"D:/UnrealProjects/TabletProject/Content/Assets/Mannequin/Character/Textures/UE4_LOGO_CARD.uasset" 79
"D:/UnrealProjects/TabletProject/Content/Blueprints/UI/Items/W_DraggableItem.uasset" 80
"D:/UnrealProjects/TabletProject/Content/Blueprints/UI/Items/W_InventoryItem.uasset" 81
"D:/UnrealProjects/TabletProject/Content/Textures/Ui_elements/3_Inventory.uasset" 82
"D:/UnrealProjects/TabletProject/Content/Blueprints/UI/Menus/W_Inventory.uasset" 83
"D:/UnrealProjects/TabletProject/Content/Blueprints/UI/Menus/W_MainMenu.uasset" 84
"D:/UnrealProjects/TabletProject/Content/Blueprints/UI/Menus/W_OptionsMenu.uasset" 85
"D:/UnrealProjects/TabletProject/Content/Blueprints/HelperLibraries/HelperFunctions.uasset" 86
"D:/UnrealProjects/TabletProject/Content/Textures/Ui_elements/11_BlueBin.uasset" 87
"D:/UnrealProjects/TabletProject/Content/Blueprints/UI/Items/W_CraftSlot.uasset" 88
"D:/UnrealProjects/TabletProject/Content/Textures/Ui_elements/12_RedBin.uasset" 89
"D:/UnrealProjects/TabletProject/Content/Textures/Ui_elements/13_YellowBin.uasset" 90
"D:/UnrealProjects/TabletProject/Content/Textures/Ui_elements/14_GreenBin.uasset" 91
"D:/UnrealProjects/TabletProject/Content/Textures/Ui_elements/15_CraftingBin.uasset" 92
"D:/UnrealProjects/TabletProject/Content/Textures/Ui_elements/16_ConveyorBelt.uasset" 93
"D:/UnrealProjects/TabletProject/Content/Blueprints/UI/Menus/W_CraftingMenu.uasset" 94
"D:/UnrealProjects/TabletProject/Content/Blueprints/UI/Items/W_Recipe.uasset" 95
"D:/UnrealProjects/TabletProject/Content/Blueprints/UI/Items/W_UpgradeItem.uasset" 96
"D:/UnrealProjects/TabletProject/Content/Blueprints/UI/Items/W_UpgradeUse.uasset" 97
"D:/UnrealProjects/TabletProject/Content/Blueprints/UI/W_PlayerHUD.uasset" 98
"D:/UnrealProjects/TabletProject/Content/Textures/Ui_elements/4_MainTrim.uasset" 99
"D:/UnrealProjects/TabletProject/Content/Textures/Ui_elements/9_View2Trim.uasset" 100
"D:/UnrealProjects/TabletProject/Content/Textures/Ui_elements/craftButton.uasset" 101
"D:/UnrealProjects/TabletProject/Content/Blueprints/UI/Menus/W_Upgrades.uasset" 102
"D:/UnrealProjects/TabletProject/Content/Blueprints/BP_RecyclingGameInstance.uasset" 103
"D:/UnrealProjects/TabletProject/Content/Materials/M_shirtPurple.uasset" 104
"../../../Engine/Content/EngineMeshes/Sphere.uasset" 105
"D:/UnrealProjects/TabletProject/Content/Blueprints/hazards/BP_death-ball.uasset" 106
"../../../Engine/Content/BasicShapes/BasicShapeMaterial.uasset" 107
"../../../Engine/Content/BasicShapes/Cube.uasset" 108
"D:/UnrealProjects/TabletProject/Content/Blueprints/Radar/BP_EndLoc.uasset" 109
"D:/UnrealProjects/TabletProject/Content/Blueprints/Radar/BP_StartingLoc.uasset" 110
"D:/UnrealProjects/TabletProject/Content/Blueprints/UI/RyansWidgets/W_Raderv2TomasHelp.uasset" 111
"../../../Engine/Content/ArtTools/RenderToTexture/Meshes/S_1_Unit_Plane.uasset" 112
"../../../Engine/Content/EngineMaterials/DefaultMaterial.uasset" 113
"../../../Engine/Content/BasicShapes/Cone.uasset" 114
"../../../Engine/Content/BasicShapes/Plane.uasset" 115
"../../../Engine/Content/BasicShapes/Sphere.uasset" 116
"../../../Engine/Content/EngineMaterials/DefaultPhysicalMaterial.uasset" 117
"../../../Engine/Content/BufferVisualization/AmbientOcclusion.uasset" 118
"../../../Engine/Content/BufferVisualization/BaseColor.uasset" 119
"../../../Engine/Content/BufferVisualization/CustomDepth.uasset" 120
"../../../Engine/Content/Functions/Engine_MaterialFunctions02/Utility/VectorLength.uasset" 121
"../../../Engine/Content/BufferVisualization/CustomDepthWorldUnits.uasset" 122
"../../../Engine/Content/Functions/Engine_MaterialFunctions02/Utility/BreakOutFloat2Components.uasset" 123
"../../../Engine/Content/Functions/Engine_MaterialFunctions01/Texturing/ScaleUVsByCenter.uasset" 124
"../../../Engine/Content/Functions/Engine_MaterialFunctions02/ScreenResolution.uasset" 125
"../../../Engine/Content/Functions/Engine_MaterialFunctions02/Texturing/ScreenAlignedUVs.uasset" 126
"../../../Engine/Content/Functions/Engine_MaterialFunctions02/Utility/MakeFloat2.uasset" 127
"../../../Engine/Content/Functions/Engine_MaterialFunctions02/Utility/MakeFloat3.uasset" 128
"../../../Engine/Content/EngineMaterials/MiniFont.uasset" 129
"../../../Engine/Content/BufferVisualization/CustomStencil.uasset" 130
"../../../Engine/Content/BufferVisualization/FinalImage.uasset" 131
"../../../Engine/Content/BufferVisualization/LightingModel.uasset" 132
"../../../Engine/Content/BufferVisualization/MaterialAO.uasset" 133
"../../../Engine/Content/BufferVisualization/Metallic.uasset" 134
"../../../Engine/Content/BufferVisualization/Opacity.uasset" 135
"../../../Engine/Content/BufferVisualization/PostTonemapHDRColor.uasset" 136
"../../../Engine/Content/BufferVisualization/PreTonemapHDRColor.uasset" 137
"../../../Engine/Content/BufferVisualization/Roughness.uasset" 138
"../../../Engine/Content/BufferVisualization/SceneColor.uasset" 139
"../../../Engine/Content/BufferVisualization/SceneDepth.uasset" 140
"../../../Engine/Content/BufferVisualization/SceneDepthWorldUnits.uasset" 141
"../../../Engine/Content/BufferVisualization/SeparateTranslucencyA.uasset" 142
"../../../Engine/Content/BufferVisualization/SeparateTranslucencyRGB.uasset" 143
"../../../Engine/Content/BufferVisualization/Specular.uasset" 144
"../../../Engine/Content/BufferVisualization/SubsurfaceColor.uasset" 145
"../../../Engine/Content/BufferVisualization/WorldNormal.uasset" 146
"../../../Engine/Content/EditorBlueprintResources/ActorMacros.uasset" 147
"../../../Engine/Content/EditorLandscapeResources/DataLayer.uasset" 148
"../../../Engine/Content/EditorLandscapeResources/DefaultAlphaTexture.uasset" 149
"../../../Engine/Content/EditorLandscapeResources/LandscapeGizmoHeight_Mat.uasset" 150
"../../../Engine/Content/EditorLandscapeResources/LandscapeGizmo_Mat.uasset" 151
"../../../Engine/Content/EditorLandscapeResources/LandscapeGizmo_Mat_Copied.uasset" 152
"../../../Engine/Content/EditorLandscapeResources/SplineEditorMeshMat.uasset" 153
"../../../Engine/Content/EditorLandscapeResources/SplineEditorMesh.uasset" 154
"../../../Engine/Content/EditorMaterials/Cross.uasset" 155
"../../../Engine/Content/EditorMaterials/Cross_Mat.uasset" 156
"../../../Engine/Content/EditorMaterials/GizmoMaterial.uasset" 157
"../../../Engine/Content/Functions/Engine_MaterialFunctions02/Utility/Sign.uasset" 158
"../../../Engine/Content/Functions/Engine_MaterialFunctions02/Utility/Round.uasset" 159
"../../../Engine/Content/Functions/Engine_MaterialFunctions02/ExampleContent/Textures/flipbook.uasset" 160
"../../../Engine/Content/Functions/Engine_MaterialFunctions02/Texturing/FlipBook.uasset" 161
"../../../Engine/Content/EditorResources/T_EditorHelp.uasset" 162
"../../../Engine/Content/EditorMaterials/HelpActorMaterial.uasset" 163
"../../../Engine/Content/EditorMaterials/CompositeARGBLayer.uasset" 164
"../../../Engine/Content/EditorMaterials/TilingAALineIntegral.uasset" 165
"../../../Engine/Content/EditorMaterials/TilingAALineBoxFiltered.uasset" 166
"../../../Engine/Content/Functions/Engine_MaterialFunctions03/Procedurals/ComputeFilterWidth.uasset" 167
"../../../Engine/Content/EditorMaterials/TilingAADots.uasset" 168
"../../../Engine/Content/EngineMaterials/BlendFunc_DefBase.uasset" 169
"../../../Engine/Content/EngineMaterials/BlendFunc_DefBlend.uasset" 170
"../../../Engine/Content/Functions/Engine_MaterialFunctions03/Blends/Blend_Screen.uasset" 171
"../../../Engine/Content/EditorMaterials/TilingAAGrid.uasset" 172
"../../../Engine/Content/EditorMaterials/LevelGridMaterial.uasset" 173
"../../../Engine/Content/EditorMaterials/MakeCompositeARGBLayer.uasset" 174
"../../../Engine/Content/EditorResources/LevelGrid1DStripes.uasset" 175
"../../../Engine/Content/EditorMaterials/TextureGridCascaded1D.uasset" 176
"../../../Engine/Content/EditorMaterials/TextureGridCascaded2D.uasset" 177
"../../../Engine/Content/EditorMaterials/LevelGridMaterial2.uasset" 178
"../../../Engine/Content/EditorMaterials/MAT_Groups_Toggle.uasset" 179
"../../../Engine/Content/EditorMaterials/MAT_Groups_Visibility.uasset" 180
"../../../Engine/Content/EditorMaterials/PhAT_BoneSelectedMaterial.uasset" 181
"../../../Engine/Content/EditorMaterials/PhAT_ElemSelectedMaterial.uasset" 182
"../../../Engine/Content/EditorMaterials/PhAT_NoCollisionMaterial.uasset" 183
"../../../Engine/Content/EditorMaterials/PhAT_UnselectedMaterial.uasset" 184
"../../../Engine/Content/EditorMaterials/PreviewShadowIndicator.uasset" 185
"../../../Engine/Content/EditorMaterials/PreviewShadowIndicatorMaterial.uasset" 186
"../../../Engine/Content/EditorMaterials/TargetIcon.uasset" 187
"../../../Engine/Content/EditorMaterials/Tick.uasset" 188
"../../../Engine/Content/EditorMaterials/Tick_Mat.uasset" 189
"../../../Engine/Content/EditorMaterials/WidgetGridVertexColorMaterial.uasset" 190
"../../../Engine/Content/EditorMaterials/WidgetGridVertexColorMaterial_Ma.uasset" 191
"../../../Engine/Content/EditorMaterials/WidgetMaterial.uasset" 192
"../../../Engine/Content/EditorMaterials/WidgetMaterial_Current.uasset" 193
"../../../Engine/Content/EditorMaterials/WidgetMaterial_X.uasset" 194
"../../../Engine/Content/EditorMaterials/WidgetMaterial_Y.uasset" 195
"../../../Engine/Content/EditorMaterials/WidgetMaterial_Z.uasset" 196
"../../../Engine/Content/EditorMaterials/WidgetVertexColorMaterial.uasset" 197
"../../../Engine/Content/EditorMaterials/MatineeGroups/MAT_ColorTrack.uasset" 198
"../../../Engine/Content/EditorMaterials/MatineeGroups/MAT_Groups_Anim.uasset" 199
"../../../Engine/Content/EditorMaterials/MatineeGroups/MAT_Groups_AudioMaster.uasset" 200
"../../../Engine/Content/EditorMaterials/MatineeGroups/MAT_Groups_Director.uasset" 201
"../../../Engine/Content/EditorMaterials/MatineeGroups/MAT_Groups_Event.uasset" 202
"../../../Engine/Content/EditorMaterials/MatineeGroups/MAT_Groups_Fade.uasset" 203
"../../../Engine/Content/EditorMaterials/MatineeGroups/MAT_Groups_Float.uasset" 204
"../../../Engine/Content/EditorMaterials/MatineeGroups/MAT_Groups_Move.uasset" 205
"../../../Engine/Content/EditorMaterials/MatineeGroups/MAT_Groups_Slomo.uasset" 206
"../../../Engine/Content/EditorMaterials/MatineeGroups/MAT_Groups_Sound.uasset" 207
"../../../Engine/Content/EditorMaterials/MatineeGroups/MAT_Groups_Vector.uasset" 208
"../../../Engine/Content/EditorMaterials/ParticleSystems/PSysThumbnail_NoImage.uasset" 209
"../../../Engine/Content/EditorMaterials/ParticleSystems/PSysThumbnail_OOD.uasset" 210
"../../../Engine/Content/EngineMaterials/Grid.uasset" 211
"../../../Engine/Content/EditorMaterials/Thumbnails/FloorPlaneMaterial.uasset" 212
"../../../Engine/Content/EditorMeshes/EditorCube.uasset" 213
"../../../Engine/Content/EditorMeshes/EditorCylinder.uasset" 214
"../../../Engine/Content/EditorMeshes/EditorPlane.uasset" 215
"../../../Engine/Content/EditorMaterials/Thumbnails/SkySphereMaterial.uasset" 216
"../../../Engine/Content/EditorMeshes/EditorSkySphere.uasset" 217
"../../../Engine/Content/EditorMeshes/EditorSphere.uasset" 218
"../../../Engine/Content/EditorResources/MatineeCam_D.uasset" 219
"../../../Engine/Content/EditorMaterials/MatineeCam_mat.uasset" 220
"../../../Engine/Content/EditorMeshes/MatineeCam_SM.uasset" 221
"../../../Engine/Content/EditorMaterials/Camera/CineMat.uasset" 222
"../../../Engine/Content/EditorMaterials/Camera/MI_CineMat_CameraBody.uasset" 223
"../../../Engine/Content/EngineDebugMaterials/M_SimpleOpaque.uasset" 224
"../../../Engine/Content/EditorMaterials/Camera/MI_CineMat_CamViewFinder.uasset" 225
"../../../Engine/Content/EditorMeshes/Camera/SM_CineCam.uasset" 226
"../../../Engine/Content/EditorMaterials/Camera/MI_CineMat_Rig.uasset" 227
"../../../Engine/Content/EditorMeshes/Camera/SM_CraneRig_Arm.uasset" 228
"../../../Engine/Content/EditorMeshes/Camera/SM_CraneRig_Base.uasset" 229
"../../../Engine/Content/EditorMeshes/Camera/SM_CraneRig_Body.uasset" 230
"../../../Engine/Content/EditorMeshes/Camera/SM_CraneRig_Mount.uasset" 231
"../../../Engine/Content/EditorMeshes/Camera/SM_RailRig_Mount.uasset" 232
"../../../Engine/Content/EditorMeshes/Camera/SM_RailRig_Track.uasset" 233
"../../../Engine/Content/EditorResources/Bad.uasset" 234
"../../../Engine/Content/EditorResources/BSPVertex.uasset" 235
"../../../Engine/Content/EditorResources/EmptyActor.uasset" 236
"../../../Engine/Content/EditorResources/MatInstActSprite.uasset" 237
"../../../Engine/Content/EditorResources/SceneManager.uasset" 238
"../../../Engine/Content/EditorResources/SmallFont.uasset" 239
"../../../Engine/Content/EditorResources/S_Actor.uasset" 240
"../../../Engine/Content/EditorResources/S_DecalActorIcon.uasset" 241
"../../../Engine/Content/EditorResources/S_Emitter.uasset" 242
"../../../Engine/Content/EditorResources/S_ExpoHeightFog.uasset" 243
"../../../Engine/Content/EditorResources/S_FTest.uasset" 244
"../../../Engine/Content/EditorResources/S_KBSJoint.uasset" 245
"../../../Engine/Content/EditorResources/S_KHinge.uasset" 246
"../../../Engine/Content/EditorResources/S_KPrismatic.uasset" 247
"../../../Engine/Content/EditorResources/S_LevelSequence.uasset" 248
"../../../Engine/Content/EditorResources/S_NavP.uasset" 249
"../../../Engine/Content/EditorResources/S_Note.uasset" 250
"../../../Engine/Content/EditorResources/S_Player.uasset" 251
"../../../Engine/Content/EditorResources/S_PortalActorIcon2.uasset" 252
"../../../Engine/Content/EditorResources/S_RadForce.uasset" 253
"../../../Engine/Content/EditorResources/S_ReflActorIcon.uasset" 254
"../../../Engine/Content/EditorResources/S_Terrain.uasset" 255
"../../../Engine/Content/EditorResources/S_TextRenderActorIcon.uasset" 256
"../../../Engine/Content/EditorResources/S_Thruster.uasset" 257
"../../../Engine/Content/EditorResources/S_Trigger.uasset" 258
"../../../Engine/Content/EditorResources/S_VectorFieldVol.uasset" 259
"../../../Engine/Content/EditorResources/S_WindDirectional.uasset" 260
"../../../Engine/Content/EditorResources/AI/S_NavLink.uasset" 261
"../../../Engine/Content/EditorResources/LightIcons/SkyLight.uasset" 262
"../../../Engine/Content/EditorResources/LightIcons/S_LightDirectional.uasset" 263
"../../../Engine/Content/EditorResources/LightIcons/S_LightDirectionalMove.uasset" 264
"../../../Engine/Content/EditorResources/LightIcons/S_LightError.uasset" 265
"../../../Engine/Content/EditorResources/LightIcons/S_LightPoint.uasset" 266
"../../../Engine/Content/EditorResources/LightIcons/S_LightPointMove.uasset" 267
"../../../Engine/Content/EditorResources/LightIcons/S_LightSpot.uasset" 268
"../../../Engine/Content/EditorResources/LightIcons/S_LightSpotMove.uasset" 269
"../../../Engine/Content/EditorResources/SequenceRecorder/Countdown.uasset" 270
"../../../Engine/Content/EditorResources/SequenceRecorder/RecordingIndicator.uasset" 271
"../../../Engine/Content/EditorResources/Spline/T_Loft_Spline.uasset" 272
"../../../Engine/Content/EditorSounds/Notifications/CompileFailed.uasset" 273
"../../../Engine/Content/EditorSounds/Notifications/CompileFailed_Cue.uasset" 274
"../../../Engine/Content/EditorSounds/Notifications/CompileSuccess.uasset" 275
"../../../Engine/Content/EditorSounds/Notifications/CompileStart_Cue.uasset" 276
"../../../Engine/Content/EditorSounds/Notifications/CompileSuccess_Cue.uasset" 277
"../../../Engine/Content/EngineDamageTypes/DmgTypeBP_Environmental.uasset" 278
"../../../Engine/Content/EngineDebugMaterials/HeatmapGradient.uasset" 279
"../../../Engine/Content/EngineDebugMaterials/BoneWeightMaterial.uasset" 280
"../../../Engine/Content/EngineDebugMaterials/ClothMaterial.uasset" 281
"../../../Engine/Content/EngineDebugMaterials/ClothMaterial_WF.uasset" 282
"../../../Engine/Content/EngineDebugMaterials/DebugEditorMaterial.uasset" 283
"../../../Engine/Content/EngineDebugMaterials/DebugMeshMaterial.uasset" 284
"../../../Engine/Content/EngineDebugMaterials/GeomMaterial.uasset" 285
"../../../Engine/Content/Functions/Engine_MaterialFunctions01/Shading/ConvertFromDiffSpec.uasset" 286
"../../../Engine/Content/EngineDebugMaterials/LevelColorationLitMaterial.uasset" 287
"../../../Engine/Content/EngineDebugMaterials/LevelColorationUnlitMaterial.uasset" 288
"../../../Engine/Content/EngineMaterials/DefaultWhiteGrid.uasset" 289
"../../../Engine/Content/EngineDebugMaterials/MAT_LevelColorationLitLightmapUV.uasset" 290
"../../../Engine/Content/EngineDebugMaterials/M_SimpleTranslucent.uasset" 291
"../../../Engine/Content/EngineDebugMaterials/ShadedLevelColorationLitMaterial.uasset" 292
"../../../Engine/Content/EngineDebugMaterials/ShadedLevelColorationUnlitMateri.uasset" 293
"../../../Engine/Content/EngineDebugMaterials/VertexColorMaterial.uasset" 294
"../../../Engine/Content/EngineDebugMaterials/VertexColorViewMode_AlphaAsColor.uasset" 295
"../../../Engine/Content/EngineDebugMaterials/VertexColorViewMode_BlueOnly.uasset" 296
"../../../Engine/Content/EngineDebugMaterials/VertexColorViewMode_ColorOnly.uasset" 297
"../../../Engine/Content/EngineDebugMaterials/VertexColorViewMode_GreenOnly.uasset" 298
"../../../Engine/Content/EngineDebugMaterials/VertexColorViewMode_RedOnly.uasset" 299
"../../../Engine/Content/EngineDebugMaterials/WireframeMaterial.uasset" 300
"../../../Engine/Content/EngineFonts/Faces/DroidSansMono.uasset" 301
"../../../Engine/Content/EngineFonts/DroidSansMono.uasset" 302
"../../../Engine/Content/EngineFonts/Faces/RobotoBold.uasset" 303
"../../../Engine/Content/EngineFonts/Faces/RobotoBoldItalic.uasset" 304
"../../../Engine/Content/EngineFonts/Faces/RobotoItalic.uasset" 305
"../../../Engine/Content/EngineFonts/Faces/RobotoLight.uasset" 306
"../../../Engine/Content/EngineFonts/Faces/RobotoRegular.uasset" 307
"../../../Engine/Content/EngineFonts/Roboto.uasset" 308
"../../../Engine/Content/EngineFonts/Faces/RobotoTiny.uasset" 309
"../../../Engine/Content/EngineFonts/RobotoTiny.uasset" 310
"../../../Engine/Content/EngineFonts/SmallFont.uasset" 311
"../../../Engine/Content/EngineFonts/TinyFont.uasset" 312
"../../../Engine/Content/EngineMaterials/BaseFlattenDiffuseMap.uasset" 313
"../../../Engine/Content/EngineMaterials/BaseFlattenEmissiveMap.uasset" 314
"../../../Engine/Content/EngineMaterials/BaseFlattenGrayscaleMap.uasset" 315
"../../../Engine/Content/EngineMaterials/BaseFlattenNormalMap.uasset" 316
"../../../Engine/Content/EngineMaterials/BaseFlattenMaterial.uasset" 317
"../../../Engine/Content/EngineResources/WhiteSquareTexture.uasset" 318
"../../../Engine/Content/EngineMaterials/BlinkingCaret.uasset" 319
"../../../Engine/Content/EngineMaterials/DefaultBloomKernel.uasset" 320
"../../../Engine/Content/EngineMaterials/DefaultBokeh.uasset" 321
"../../../Engine/Content/EngineMaterials/DefaultDiffuse.uasset" 322
"../../../Engine/Content/EngineMaterials/DefaultDeferredDecalMaterial.uasset" 323
"../../../Engine/Content/EngineMaterials/DefaultLightFunctionMaterial.uasset" 324
"../../../Engine/Content/EngineMaterials/DefaultNormal.uasset" 325
"../../../Engine/Content/EngineMaterials/DefaultPostProcessMaterial.uasset" 326
"../../../Engine/Content/EngineFonts/RobotoDistanceField.uasset" 327
"../../../Engine/Content/EngineMaterials/DefaultTextMaterialOpaque.uasset" 328
"../../../Engine/Content/EngineMaterials/EditorBrushMaterial.uasset" 329
"../../../Engine/Content/EngineMaterials/Good64x64TilingNoiseHighFreq.uasset" 330
"../../../Engine/Content/EngineMaterials/Grid_N.uasset" 331
"../../../Engine/Content/EngineMaterials/HighResolutionScreenshotMaskFunction.uasset" 332
"../../../Engine/Content/EngineMaterials/HighResScreenshot.uasset" 333
"../../../Engine/Content/EngineMaterials/HighResScreenshotCaptureRegion.uasset" 334
"../../../Engine/Content/EngineMaterials/HighResScreenshotMask.uasset" 335
"../../../Engine/Content/EngineMaterials/LandscapeHolePhysicalMaterial.uasset" 336
"../../../Engine/Content/EngineMaterials/InvalidLightmapSettings.uasset" 337
"../../../Engine/Content/EngineMaterials/M_InvalidLightmapSettings.uasset" 338
"../../../Engine/Content/EngineMaterials/PaperDiffuse.uasset" 339
"../../../Engine/Content/EngineMaterials/PaperNormal.uasset" 340
"../../../Engine/Content/Functions/Engine_MaterialFunctions02/WorldPositionOffset/CameraOffset.uasset" 341
"../../../Engine/Content/EngineMaterials/PhAT_JointLimitMaterial.uasset" 342
"../../../Engine/Content/EngineMaterials/PhysMat_Rubber.uasset" 343
"../../../Engine/Content/EngineMaterials/PreintegratedSkinBRDF.uasset" 344
"../../../Engine/Content/EngineMaterials/RemoveSurfaceMaterial.uasset" 345
"../../../Engine/Content/EngineMaterials/VolumeTextureThumbnailMaterial.uasset" 346
"../../../Engine/Content/EngineMaterials/WeightMapPlaceholderTexture.uasset" 347
"../../../Engine/Content/EngineMaterials/Widget3DPassThrough.uasset" 348
"../../../Engine/Content/EngineMaterials/Widget3DPassThrough_Masked.uasset" 349
"../../../Engine/Content/EngineMaterials/Widget3DPassThrough_Opaque.uasset" 350
"../../../Engine/Content/EngineMaterials/Widget3DPassThrough_Masked_OneSided.uasset" 351
"../../../Engine/Content/EngineMaterials/Widget3DPassThrough_Opaque_OneSided.uasset" 352
"../../../Engine/Content/EngineMaterials/Widget3DPassThrough_Translucent.uasset" 353
"../../../Engine/Content/EngineMaterials/Widget3DPassThrough_Translucent_OneSided.uasset" 354
"../../../Engine/Content/EngineMeshes/Cylinder.uasset" 355
"../../../Engine/Content/EngineResources/Black.uasset" 356
"../../../Engine/Content/EngineResources/DefaultTexture.uasset" 357
"../../../Engine/Content/EngineResources/DefaultTextureCube.uasset" 358
"../../../Engine/Content/EngineResources/DefaultVolumeTexture2D.uasset" 359
"../../../Engine/Content/EngineResources/DefaultVolumeTexture.uasset" 360
"../../../Engine/Content/EngineResources/GradientTexture0.uasset" 361
"../../../Engine/Content/EngineResources/StreamingPauseIcon.uasset" 362
"../../../Engine/Content/EngineResources/M_StreamingPause.uasset" 363
"../../../Engine/Content/EngineSounds/Master.uasset" 364
"../../../Engine/Content/Functions/Engine_MaterialFunctions01/Shading/PowerToRoughness.uasset" 365
"../../../Engine/Content/Maps/Templates/Thumbnails/Default.uasset" 366
"../../../Engine/Content/Maps/Templates/Thumbnails/VR-Basic.uasset" 367
"../../../Engine/Content/MapTemplates/Sky/DaylightAmbientCubemap.uasset" 368
"../../../Engine/Content/MobileResources/T_MobileControls_texture.uasset" 369
"../../../Engine/Content/MobileResources/T_MobileMenu2.uasset" 370
"../../../Engine/Content/MobileResources/HUD/AnalogHat.uasset" 371
"../../../Engine/Content/MobileResources/HUD/VirtualJoystick_Background.uasset" 372
"../../../Engine/Content/MobileResources/HUD/VirtualJoystick_Thumb.uasset" 373
"../../../Engine/Content/MobileResources/HUD/DefaultVirtualJoysticks.uasset" 374
"../../../Engine/Content/MobileResources/HUD/LeftVirtualJoystickOnly.uasset" 375
"../../../Engine/Content/MobileResources/HUD/MobileHUDButton1_off.uasset" 376
"../../../Engine/Content/MobileResources/HUD/MobileHUDButton1_on.uasset" 377
"../../../Engine/Content/MobileResources/HUD/MobileHUDButton2_off.uasset" 378
"../../../Engine/Content/MobileResources/HUD/MobileHUDButton2_on.uasset" 379
"../../../Engine/Content/MobileResources/HUD/MobileHUDButton3.uasset" 380
"../../../Engine/Content/MobileResources/HUD/MobileHUDButtonFire.uasset" 381
"../../../Engine/Content/MobileResources/HUD/MobileHUDDirectionPad.uasset" 382
"../../../Engine/Content/MobileResources/HUD/MobileHUDDirectionPad2.uasset" 383
"../../../Engine/Content/MobileResources/HUD/MobileHUDDirectionPad3.uasset" 384
"../../../Engine/Content/MobileResources/HUD/MobileHUDDirectionStick.uasset" 385
"../../../Engine/Content/MobileResources/HUD/T_Castle_ThumbstickInner.uasset" 386
"../../../Engine/Content/MobileResources/HUD/T_Castle_ThumbstickOutter.uasset" 387
"../../../Engine/Content/Tutorial/ContentIntroCurve.uasset" 388
"../../../Engine/Content/Tutorial/Basics/TutorialAssets/icon_tab_Levels_40x.uasset" 389
"../../../Engine/Content/Tutorial/BlueprintTutorials/TutorialAssets/BlueprintInterface_64x.uasset" 390
"../../../Engine/Content/Tutorial/BlueprintTutorials/TutorialAssets/Blueprint_64x.uasset" 391
"../../../Engine/Content/Tutorial/BlueprintTutorials/TutorialAssets/Tutorial_BP_Interface.uasset" 392
"../../../Engine/Content/VREditor/Fonts/VRText_RobotoLarge.uasset" 393
"../../../Engine/Content/VREditor/TransformGizmo/TransformGizmoMaterial.uasset" 394
"../../../Engine/Content/VREditor/TransformGizmo/TranslucentTransformGizmoMaterial.uasset" 395
"../../../Engine/Content/VREditor/TransformGizmo/BoundingBoxCorner.uasset" 396
"../../../Engine/Content/VREditor/TransformGizmo/BoundingBoxEdge.uasset" 397
"../../../Engine/Content/VREditor/TransformGizmo/PlaneTranslationHandle.uasset" 398
"../../../Engine/Content/VREditor/TransformGizmo/Main.uasset" 399
"../../../Engine/Content/VREditor/TransformGizmo/Xray.uasset" 400
"../../../Engine/Content/VREditor/TransformGizmo/SM_Sequencer_Key.uasset" 401
"../../../Engine/Content/VREditor/TransformGizmo/SM_Sequencer_Node.uasset" 402
"D:/UnrealProjects/TabletProject/Content/Assets/Meshes/character_PhysicsAsset.uasset" 403
"D:/UnrealProjects/TabletProject/Content/Assets/Meshes/character_Skeleton.uasset" 404
"D:/UnrealProjects/TabletProject/Content/Assets/Meshes/character.uasset" 405
"D:/UnrealProjects/TabletProject/Content/Materials/M_Manhole_Cover.uasset" 406
"D:/UnrealProjects/TabletProject/Content/Assets/Meshes/hazardMeshes/manholeCover_cover_PhysicsAsset.uasset" 407
"D:/UnrealProjects/TabletProject/Content/Assets/Meshes/hazardMeshes/manholeCover_cover_Skeleton.uasset" 408
"D:/UnrealProjects/TabletProject/Content/Assets/Meshes/manholeCover_cover.uasset" 409
"D:/UnrealProjects/TabletProject/Content/Materials/M_phoneBook.uasset" 410
"D:/UnrealProjects/TabletProject/Content/Materials/M_phoneBook2.uasset" 411
"D:/UnrealProjects/TabletProject/Content/Assets/Meshes/phoneBook_Object001.uasset" 412
"D:/UnrealProjects/TabletProject/Content/Materials/M_garbageCan.uasset" 413
"D:/UnrealProjects/TabletProject/Content/Assets/Meshes/checkpoints/garbageCanFIX_Lid_PhysicsAsset.uasset" 414
"D:/UnrealProjects/TabletProject/Content/Assets/Meshes/checkpoints/garbageCanFIX_Lid_Skeleton.uasset" 415
"D:/UnrealProjects/TabletProject/Content/Assets/Meshes/checkpoints/garbageCanFIX_Lid.uasset" 416
"D:/UnrealProjects/TabletProject/Content/Assets/Meshes/M_Manhole_Cover.uasset" 417
"D:/UnrealProjects/TabletProject/Content/Assets/Meshes/hazardMeshes/manholeCover_cover.uasset" 418
"D:/UnrealProjects/TabletProject/Content/Materials/M_SewerPipe.uasset" 419
"D:/UnrealProjects/TabletProject/Content/Assets/Meshes/hazardMeshes/pipe_Cylinder002_PhysicsAsset.uasset" 420
"D:/UnrealProjects/TabletProject/Content/Assets/Meshes/pipe_Cylinder002_Skeleton.uasset" 421
"D:/UnrealProjects/TabletProject/Content/Assets/Meshes/hazardMeshes/pipe_Cylinder002.uasset" 422
"../../../Engine/Content/Functions/Engine_MaterialFunctions01/Texturing/ComputeMipLevel.uasset" 423
"../../../Engine/Content/Functions/Engine_MaterialFunctions01/Texturing/TextureCropping.uasset" 424
"../../../Engine/Content/Functions/Engine_MaterialFunctions02/ExampleContent/DebugNumberStrip.uasset" 425
"../../../Engine/Content/Functions/Engine_MaterialFunctions02/ExampleContent/Textures/DebugNumberPeriod.uasset" 426
"../../../Engine/Content/Functions/Engine_MaterialFunctions02/Utility/DebugScalarValues.uasset" 427
"../../../Engine/Content/ArtTools/RenderToTexture/Materials/Flipbooks/M_FlipBookCounter_01.uasset" 428
"D:/UnrealProjects/TabletProject/Content/Textures/BackButton.uasset" 429
"D:/UnrealProjects/TabletProject/Content/Textures/Ui_elements/1_UIbackground.uasset" 430
"D:/UnrealProjects/TabletProject/Content/Blueprints/UI/Menus/W_RecyclingCenter.uasset" 431
"D:/UnrealProjects/TabletProject/Content/Blueprints/Enviroment/BP_RCenter.uasset" 432
"D:/UnrealProjects/TabletProject/Content/Materials/M_trashBinLegs.uasset" 433
"D:/UnrealProjects/TabletProject/Content/Assets/Meshes/checkpoints/garbageCan_Garbage_Can.uasset" 434
"D:/UnrealProjects/TabletProject/Content/Assets/Meshes/checkpoints/garbageCan_Lid.uasset" 435
"D:/UnrealProjects/TabletProject/Content/Blueprints/UI/Menus/W_TrashMenu.uasset" 436
"D:/UnrealProjects/TabletProject/Content/Blueprints/Enviroment/BP_TrashCan.uasset" 437
"D:/UnrealProjects/TabletProject/Content/Assets/Mannequin/Character/Textures/UE4_Mannequin_MAT_MASKA.uasset" 438
"D:/UnrealProjects/TabletProject/Content/Textures/boat_tex_nm.uasset" 439
"D:/UnrealProjects/TabletProject/Content/Textures/boat_texture.uasset" 440
"D:/UnrealProjects/TabletProject/Content/Blueprints/UI/RyansWidgets/W_RyanRadar.uasset" 441
"D:/UnrealProjects/TabletProject/Content/Blueprints/BP_PlayerHUD.uasset" 442
"D:/UnrealProjects/TabletProject/Content/Blueprints/Player/BP_NubController.uasset" 443
"D:/UnrealProjects/TabletProject/Content/Blueprints/BP_GameMode.uasset" 444
"D:/UnrealProjects/TabletProject/Content/Blueprints/TopDownTouchInterface.uasset" 445
"../../../Engine/Content/ArtTools/RenderToTexture/Enums/RenderToTexture_Enum.uasset" 446
"../../../Engine/Content/ArtTools/RenderToTexture/Enums/RenderToTexture_Flipbook_Enum.uasset" 447
"../../../Engine/Content/ArtTools/RenderToTexture/Enums/RenderToTexture_Imposter_Enum.uasset" 448
"../../../Engine/Content/ArtTools/RenderToTexture/Enums/EIntTypes.uasset" 449
"../../../Engine/Content/ArtTools/RenderToTexture/Macros/RenderToTextureFunctionLibrary.uasset" 450
"../../../Engine/Content/ArtTools/RenderToTexture/Enums/EFloatTypes.uasset" 451
"../../../Engine/Content/ArtTools/RenderToTexture/Macros/RenderToTextureMacros.uasset" 452
"D:/UnrealProjects/TabletProject/Content/Meshes/pipe_Cylinder002_PhysicsAsset.uasset" 453
"D:/UnrealProjects/TabletProject/Content/Meshes/pipe.uasset" 454
"D:/UnrealProjects/TabletProject/Content/Materials/M_signPost.uasset" 455
"D:/UnrealProjects/TabletProject/Content/Meshes/signLitter.uasset" 456
"D:/UnrealProjects/TabletProject/Content/Textures/GlassButton.uasset" 457
"D:/UnrealProjects/TabletProject/Content/Textures/Ui_elements/18_Recycling_Center_UI_view2_Example.uasset" 458
"D:/UnrealProjects/TabletProject/Content/Textures/Ui_elements/8_Recycling_Center_UI_view1_Example.uasset" 459
"../../Plugins/2D/Paper2D/Content/PlaceholderTextures/DummySpriteTexture.uasset" 460
"../../Plugins/2D/Paper2D/Content/DummySprite.uasset" 461
"../../Plugins/2D/Paper2D/Content/DefaultPaperTerrainMaterial.uasset" 462
"../../Plugins/2D/Paper2D/Content/DefaultSpriteMaterial.uasset" 463
"../../Plugins/2D/Paper2D/Content/MaskedUnlitSpriteMaterial.uasset" 464
"../../Plugins/2D/Paper2D/Content/OpaqueUnlitSpriteMaterial.uasset" 465
"../../Plugins/Enterprise/DatasmithContent/Content/Blueprints/FBXImporter/ArrayOfActor.uasset" 466
"../../Plugins/Enterprise/DatasmithContent/Content/Blueprints/FBXImporter/ArrayOfSwitch.uasset" 467
"../../Plugins/Enterprise/DatasmithContent/Content/Blueprints/FBXImporter/BP_SceneNode.uasset" 468
"../../Plugins/Enterprise/DatasmithContent/Content/Blueprints/FBXImporter/BP_Switch.uasset" 469
"../../Plugins/Enterprise/DatasmithContent/Content/Blueprints/FBXImporter/BP_SceneRoot.uasset" 470
"../../Plugins/Enterprise/DatasmithContent/Content/Blueprints/FBXImporter/FBXImporterUtils.uasset" 471
"../../Plugins/Enterprise/DatasmithContent/Content/Blueprints/FBXImporter/Animation/DeltaGenAnimationTrackType.uasset" 472
"../../Plugins/Enterprise/DatasmithContent/Content/Blueprints/FBXImporter/Animation/VREDAnimationTrackComponent.uasset" 473
"../../Plugins/Enterprise/DatasmithContent/Content/Blueprints/FBXImporter/Animation/VREDAnimationTrackType.uasset" 474
"../../Plugins/Enterprise/DatasmithContent/Content/Blueprints/FBXImporter/Variants/VariantSwitchType.uasset" 475
"../../Plugins/Enterprise/DatasmithContent/Content/Blueprints/FBXImporter/Variants/VREDVariantSwitchType.uasset" 476
"../../Plugins/Runtime/Oculus/OculusVR/Content/Materials/PokeAHoleMaterial.uasset" 477
"../../Plugins/Runtime/Oculus/OculusVR/Content/Textures/GearVRController_AO.uasset" 478
"../../Plugins/Runtime/Oculus/OculusVR/Content/Textures/GearVRController_Color.uasset" 479
"../../Plugins/Runtime/Oculus/OculusVR/Content/Textures/GearVRController_Normal.uasset" 480
"../../Plugins/Runtime/Oculus/OculusVR/Content/Materials/GearVRControllerMaterial.uasset" 481
"../../Plugins/Runtime/Oculus/OculusVR/Content/Meshes/GearVrController.uasset" 482
"../../Plugins/Runtime/Oculus/OculusVR/Content/Textures/touchController_albedo.uasset" 483
"../../Plugins/Runtime/Oculus/OculusVR/Content/Textures/touchController_controlmap.uasset" 484
"../../Plugins/Runtime/Oculus/OculusVR/Content/Materials/touchController_mat.uasset" 485
"../../Plugins/Runtime/Oculus/OculusVR/Content/Meshes/LeftTouchController.uasset" 486
"../../Plugins/Runtime/Oculus/OculusVR/Content/Meshes/RiftHMD.uasset" 487
"../../Plugins/Runtime/Oculus/OculusVR/Content/Meshes/RightTouchController.uasset" 488
"../../../Engine/Content/Maps/Entry_BuiltData.uasset" 489
"../../../Engine/Content/Maps/Entry.umap" 490
"D:/UnrealProjects/TabletProject/Content/Blueprints/Enviroment/BP_ballBarrier.uasset" 491
"D:/UnrealProjects/TabletProject/Content/Blueprints/Enviroment/BP_movingBridge.uasset" 492
"D:/UnrealProjects/TabletProject/Content/Blueprints/Pickups/BP_Recyclable.uasset" 493
"D:/UnrealProjects/TabletProject/Content/Blueprints/Enviroment/BP_RecyclingSpawner.uasset" 494
"D:/UnrealProjects/TabletProject/Content/Materials/M_Boat.uasset" 495
"D:/UnrealProjects/TabletProject/Content/Materials/BoatMat_boattex_jpg.uasset" 496
"D:/UnrealProjects/TabletProject/Content/Materials/M_oarBoat.uasset" 497
"D:/UnrealProjects/TabletProject/Content/Assets/Meshes/OldBoat.uasset" 498
"D:/UnrealProjects/TabletProject/Content/Blueprints/Enviroment/BP_SideElevator.uasset" 499
"../../../Engine/Content/VREditor/LaserPointer/LaserPointerMaterial.uasset" 500
"D:/UnrealProjects/TabletProject/Content/Blueprints/hazards/BP_beercanBorder.uasset" 501
"../../../Engine/Content/EditorMaterials/MatineeGroups/MAT_Groups_Graph_On.uasset" 502
"../../../Engine/Content/EditorMaterials/MatineeGroups/MAT_Groups_Trajectory_On_Mat.uasset" 503
"D:/UnrealProjects/TabletProject/Content/Textures/T_Water_M.uasset" 504
"D:/UnrealProjects/TabletProject/Content/Textures/T_Water_N.uasset" 505
"D:/UnrealProjects/TabletProject/Content/Materials/M_water_river.uasset" 506
"D:/UnrealProjects/TabletProject/Content/Assets/Meshes/hazardMeshes/manholeCover_water_PhysicsAsset.uasset" 507
"D:/UnrealProjects/TabletProject/Content/Assets/Meshes/hazardMeshes/manholeCover_water_Skeleton.uasset" 508
"D:/UnrealProjects/TabletProject/Content/Assets/Meshes/hazardMeshes/manholeCover_water.uasset" 509
"D:/UnrealProjects/TabletProject/Content/Blueprints/hazards/BP_garbageFountainn.uasset" 510
"D:/UnrealProjects/TabletProject/Content/Blueprints/hazards/BP_HeightDeath.uasset" 511
"D:/UnrealProjects/TabletProject/Content/Materials/M_Pepperoni.uasset" 512
"D:/UnrealProjects/TabletProject/Content/Materials/M_pizzaBox.uasset" 513
"D:/UnrealProjects/TabletProject/Content/Materials/M_PizzaCheese.uasset" 514
"D:/UnrealProjects/TabletProject/Content/Materials/M_PizzaCrust.uasset" 515
"D:/UnrealProjects/TabletProject/Content/Assets/Meshes/hazardMeshes/pizzaBox.uasset" 516
"D:/UnrealProjects/TabletProject/Content/Blueprints/hazards/BP_pizzaSlow.uasset" 517
"D:/UnrealProjects/TabletProject/Content/Blueprints/hazards/characterLowPoly_Skeleton.uasset" 518
"D:/UnrealProjects/TabletProject/Content/Blueprints/hazards/picnicThrowTrashpicnicThrowTrash.uasset" 519
"D:/UnrealProjects/TabletProject/Content/Animation/AB_PicDick.uasset" 520
"D:/UnrealProjects/TabletProject/Content/Textures/Inventory_icons/Banana.uasset" 521
"D:/UnrealProjects/TabletProject/Content/Blueprints/Pickups/DT_Garbage.uasset" 522
"D:/UnrealProjects/TabletProject/Content/Blueprints/Pickups/BP_Garbage.uasset" 523
"D:/UnrealProjects/TabletProject/Content/Materials/M_BodyCoral.uasset" 524
"D:/UnrealProjects/TabletProject/Content/Blueprints/hazards/characterLowPoly_PhysicsAsset.uasset" 525
"D:/UnrealProjects/TabletProject/Content/Blueprints/hazards/characterLowPoly.uasset" 526
"D:/UnrealProjects/TabletProject/Content/Blueprints/hazards/BP_TrashThrower.uasset" 527
"D:/UnrealProjects/TabletProject/Content/Blueprints/Radar/BP_TestRadar.uasset" 528
"D:/UnrealProjects/TabletProject/Content/Maps/Level_1_BuiltData.uasset" 529
"D:/UnrealProjects/TabletProject/Content/Assets/Meshes/M_Rock.uasset" 530
"D:/UnrealProjects/TabletProject/Content/Textures/c_bark_N.uasset" 531
"D:/UnrealProjects/TabletProject/Content/Materials/M_BarkCottonwood.uasset" 532
"D:/UnrealProjects/TabletProject/Content/Textures/dirt-normal.uasset" 533
"D:/UnrealProjects/TabletProject/Content/Materials/M_BrownDirt.uasset" 534
"D:/UnrealProjects/TabletProject/Content/Textures/T_Concrete_Grime_D.uasset" 535
"D:/UnrealProjects/TabletProject/Content/Textures/T_Concrete_Tiles_N.uasset" 536
"D:/UnrealProjects/TabletProject/Content/Materials/M_Concrete_Grime.uasset" 537
"../../../Engine/Content/BasicShapes/Cylinder.uasset" 538
"D:/UnrealProjects/TabletProject/Content/Assets/Meshes/Material__25.uasset" 539
"D:/UnrealProjects/TabletProject/Content/Assets/Meshes/Material__26.uasset" 540
"D:/UnrealProjects/TabletProject/Content/Assets/Meshes/bench.uasset" 541
"D:/UnrealProjects/TabletProject/Content/Materials/M_Water.uasset" 542
"D:/UnrealProjects/TabletProject/Content/Assets/Meshes/Box_Brush_StaticMesh.uasset" 543
"D:/UnrealProjects/TabletProject/Content/Assets/Meshes/M_CactusFlesh.uasset" 544
"D:/UnrealProjects/TabletProject/Content/Assets/Meshes/M_CactusSpike.uasset" 545
"D:/UnrealProjects/TabletProject/Content/Assets/Meshes/cactusLarge.uasset" 546
"D:/UnrealProjects/TabletProject/Content/Assets/Meshes/cactusSmall.uasset" 547
"D:/UnrealProjects/TabletProject/Content/Materials/M_BlueRock.uasset" 548
"D:/UnrealProjects/TabletProject/Content/Materials/M_RedRock.uasset" 549
"D:/UnrealProjects/TabletProject/Content/Materials/M_Rock.uasset" 550
"D:/UnrealProjects/TabletProject/Content/Materials/M_RockYellow.uasset" 551
"D:/UnrealProjects/TabletProject/Content/Assets/Meshes/climbWall.uasset" 552
"D:/UnrealProjects/TabletProject/Content/Materials/M_GreenGrass.uasset" 553
"D:/UnrealProjects/TabletProject/Content/Textures/path-normal.uasset" 554
"D:/UnrealProjects/TabletProject/Content/Materials/M_Path.uasset" 555
"D:/UnrealProjects/TabletProject/Content/Assets/Meshes/levelBlocks/blockBump01.uasset" 556
"D:/UnrealProjects/TabletProject/Content/Assets/Meshes/levelBlocks/blockBump02.uasset" 557
"D:/UnrealProjects/TabletProject/Content/Assets/Meshes/levelBlocks/blockDip01.uasset" 558
"D:/UnrealProjects/TabletProject/Content/Assets/Meshes/levelBlocks/blockFlat01.uasset" 559
"D:/UnrealProjects/TabletProject/Content/Assets/Meshes/levelBlocks/blockFlat02.uasset" 560
"D:/UnrealProjects/TabletProject/Content/Assets/Meshes/levelBlocks/blockFlat03.uasset" 561
"D:/UnrealProjects/TabletProject/Content/Assets/Meshes/levelBlocks/blockSlope02.uasset" 562
"D:/UnrealProjects/TabletProject/Content/Assets/Meshes/levelBlocks/blockSlope03.uasset" 563
"D:/UnrealProjects/TabletProject/Content/Assets/Meshes/levelBlocks/blockSlope04.uasset" 564
"D:/UnrealProjects/TabletProject/Content/Assets/Meshes/parkRock.uasset" 565
"D:/UnrealProjects/TabletProject/Content/Assets/Meshes/rocks/rock01.uasset" 566
"D:/UnrealProjects/TabletProject/Content/Assets/Meshes/rocks/rock02.uasset" 567
"D:/UnrealProjects/TabletProject/Content/Assets/Meshes/rocks/rock03.uasset" 568
"D:/UnrealProjects/TabletProject/Content/Assets/Meshes/rocks/rockStack_rockStack.uasset" 569
"D:/UnrealProjects/TabletProject/Content/Assets/Meshes/rocks/rockStackBreakable_rock00.uasset" 570
"D:/UnrealProjects/TabletProject/Content/Assets/Meshes/rocks/rockStackBreakable_rock11.uasset" 571
"D:/UnrealProjects/TabletProject/Content/Assets/Meshes/rocks/rockStackBreakable_rock13.uasset" 572
"D:/UnrealProjects/TabletProject/Content/Assets/Meshes/rocks/rockStackBreakable_rock19.uasset" 573
"D:/UnrealProjects/TabletProject/Content/Materials/M_BlackMetal.uasset" 574
"D:/UnrealProjects/TabletProject/Content/Assets/Meshes/rocks/sculpture/rockSculpture.uasset" 575
"D:/UnrealProjects/TabletProject/Content/Assets/Meshes/sign.uasset" 576
"D:/UnrealProjects/TabletProject/Content/Materials/M_Sign.uasset" 577
"D:/UnrealProjects/TabletProject/Content/Assets/Meshes/signLitter.uasset" 578
"D:/UnrealProjects/TabletProject/Content/Materials/M_Slide.uasset" 579
"D:/UnrealProjects/TabletProject/Content/Assets/Meshes/slide.uasset" 580
"D:/UnrealProjects/TabletProject/Content/Materials/M_leavesCottonwood.uasset" 581
"D:/UnrealProjects/TabletProject/Content/Assets/Meshes/trees/cottonwood_cottonwood_PhysicsAsset.uasset" 582
"D:/UnrealProjects/TabletProject/Content/Assets/Meshes/trees/cottonwood_cottonwood_Skeleton.uasset" 583
"D:/UnrealProjects/TabletProject/Content/Assets/Meshes/trees/cottonwood.uasset" 584
"D:/UnrealProjects/TabletProject/Content/Assets/Meshes/trees/cottonwoodPlatform_cottonwood_PhysicsAsset.uasset" 585
"D:/UnrealProjects/TabletProject/Content/Assets/Meshes/trees/cottonwoodPlatform_cottonwood_Skeleton.uasset" 586
"D:/UnrealProjects/TabletProject/Content/Assets/Meshes/trees/cottonwoodPlatform.uasset" 587
"D:/UnrealProjects/TabletProject/Content/Textures/pinebark-normal.uasset" 588
"D:/UnrealProjects/TabletProject/Content/Materials/M_BarkPine.uasset" 589
"D:/UnrealProjects/TabletProject/Content/Materials/M_PineNeedles.uasset" 590
"D:/UnrealProjects/TabletProject/Content/Assets/Meshes/trees/pine01_Cylinder001_PhysicsAsset.uasset" 591
"D:/UnrealProjects/TabletProject/Content/Assets/Meshes/trees/pine01_Cylinder001_Skeleton.uasset" 592
"D:/UnrealProjects/TabletProject/Content/Assets/Meshes/trees/pine01.uasset" 593
"D:/UnrealProjects/TabletProject/Content/Assets/Meshes/trees/pine02_Cylinder001_PhysicsAsset.uasset" 594
"D:/UnrealProjects/TabletProject/Content/Assets/Meshes/trees/pine02_Cylinder001_Skeleton.uasset" 595
"D:/UnrealProjects/TabletProject/Content/Assets/Meshes/trees/pine02.uasset" 596
"D:/UnrealProjects/TabletProject/Content/Materials/M_Wood.uasset" 597
"D:/UnrealProjects/TabletProject/Content/Assets/Meshes/trees/stump_Cylinder001_PhysicsAsset.uasset" 598
"D:/UnrealProjects/TabletProject/Content/Assets/Meshes/trees/stump_Cylinder001_Skeleton.uasset" 599
"D:/UnrealProjects/TabletProject/Content/Assets/Meshes/trees/stump_Cylinder001.uasset" 600
"D:/UnrealProjects/TabletProject/Content/Maps/Level_1.umap" 601
"D:/UnrealProjects/TabletProject/Content/Maps/MainMenu.umap" 602
"../../../Engine/Content/EngineSky/C_Sky_Cloud_Color.uasset" 603
"../../../Engine/Content/EngineSky/C_Sky_Horizon_Color.uasset" 604
"../../../Engine/Content/EngineSky/C_Sky_Zenith_Color.uasset" 605
"../../../Engine/Content/EngineSky/T_Sky_Blue.uasset" 606
"../../../Engine/Content/EngineSky/T_Sky_Clouds_M.uasset" 607
"../../../Engine/Content/EngineSky/T_Sky_Stars.uasset" 608
"../../../Engine/Content/EngineSky/M_Sky_Panning_Clouds2.uasset" 609
"../../../Engine/Content/EngineSky/SM_SkySphere.uasset" 610
"../../../Engine/Content/EngineSky/BP_Sky_Sphere.uasset" 611
"D:/UnrealProjects/TabletProject/Content/Maps/Testing_Platform_BuiltData.uasset" 612
"D:/UnrealProjects/TabletProject/Content/Maps/Testing_Platform.umap" 613
"D:/UnrealProjects/TabletProject/Content/Maps/TestingLevels/Ryan_Testing_BuiltData.uasset" 614
"D:/UnrealProjects/TabletProject/Content/Maps/TestingLevels/Ryan_Testing.umap" 615
